一月 28, 2015 10:29:04 上午 org.apache.catalina.startup.VersionLoggerListener log
信息: Server version:        Apache Tomcat/7.0.57
一月 28, 2015 10:29:04 上午 org.apache.catalina.startup.VersionLoggerListener log
信息: Server built:          Nov 3 2014 08:39:16 UTC
一月 28, 2015 10:29:04 上午 org.apache.catalina.startup.VersionLoggerListener log
信息: Server number:         7.0.57.0
一月 28, 2015 10:29:04 上午 org.apache.catalina.startup.VersionLoggerListener log
信息: OS Name:               Windows 7
一月 28, 2015 10:29:04 上午 org.apache.catalina.startup.VersionLoggerListener log
信息: Server version:        Apache Tomcat/7.0.57
一月 28, 2015 10:29:04 上午 org.apache.catalina.startup.VersionLoggerListener log
信息: OS Version:            6.1
一月 28, 2015 10:29:04 上午 org.apache.catalina.startup.VersionLoggerListener log
信息: Server built:          Nov 3 2014 08:39:16 UTC
一月 28, 2015 10:29:04 上午 org.apache.catalina.startup.VersionLoggerListener log
信息: Architecture:          amd64
一月 28, 2015 10:29:04 上午 org.apache.catalina.startup.VersionLoggerListener log
信息: Server number:         7.0.57.0
一月 28, 2015 10:29:04 上午 org.apache.catalina.startup.VersionLoggerListener log
信息: JAVA_HOME:             C:\Program Files\Java\jdk1.7.0_40\jre
一月 28, 2015 10:29:04 上午 org.apache.catalina.startup.VersionLoggerListener log
信息: JVM Version:           1.7.0_40-b43
一月 28, 2015 10:29:04 上午 org.apache.catalina.startup.VersionLoggerListener log
信息: OS Name:               Windows 7
一月 28, 2015 10:29:04 上午 org.apache.catalina.startup.VersionLoggerListener log
信息: JVM Vendor:            Oracle Corporation
一月 28, 2015 10:29:04 上午 org.apache.catalina.startup.VersionLoggerListener log
信息: OS Version:            6.1
一月 28, 2015 10:29:04 上午 org.apache.catalina.startup.VersionLoggerListener log
信息: CATALINA_BASE:         F:\Software\tomcat\apache-tomcat-7.0.57
一月 28, 2015 10:29:04 上午 org.apache.catalina.startup.VersionLoggerListener log
信息: Architecture:          amd64
一月 28, 2015 10:29:04 上午 org.apache.catalina.startup.VersionLoggerListener log
信息: CATALINA_HOME:         F:\Software\tomcat\apache-tomcat-7.0.57
一月 28, 2015 10:29:04 上午 org.apache.catalina.startup.VersionLoggerListener log
信息: JAVA_HOME:             C:\Program Files\Java\jdk1.7.0_40\jre
一月 28, 2015 10:29:04 上午 org.apache.catalina.startup.VersionLoggerListener log
信息: Command line argument: -Djava.util.logging.config.file=F:\Software\tomcat\apache-tomcat-7.0.57\conf\logging.properties
一月 28, 2015 10:29:04 上午 org.apache.catalina.startup.VersionLoggerListener log
信息: JVM Version:           1.7.0_40-b43
一月 28, 2015 10:29:04 上午 org.apache.catalina.startup.VersionLoggerListener log
信息: Command line argument: -Djava.util.logging.manager=org.apache.juli.ClassLoaderLogManager
一月 28, 2015 10:29:04 上午 org.apache.catalina.startup.VersionLoggerListener log
信息: JVM Vendor:            Oracle Corporation
一月 28, 2015 10:29:04 上午 org.apache.catalina.startup.VersionLoggerListener log
信息: CATALINA_BASE:         F:\Software\tomcat\apache-tomcat-7.0.57
一月 28, 2015 10:29:04 上午 org.apache.catalina.startup.VersionLoggerListener log
信息: Command line argument: -Djava.endorsed.dirs=F:\Software\tomcat\apache-tomcat-7.0.57\endorsed
一月 28, 2015 10:29:04 上午 org.apache.catalina.startup.VersionLoggerListener log
信息: CATALINA_HOME:         F:\Software\tomcat\apache-tomcat-7.0.57
一月 28, 2015 10:29:04 上午 org.apache.catalina.startup.VersionLoggerListener log
信息: Command line argument: -Dcatalina.base=F:\Software\tomcat\apache-tomcat-7.0.57
一月 28, 2015 10:29:04 上午 org.apache.catalina.startup.VersionLoggerListener log
信息: Command line argument: -Djava.util.logging.config.file=F:\Software\tomcat\apache-tomcat-7.0.57\conf\logging.properties
一月 28, 2015 10:29:04 上午 org.apache.catalina.startup.VersionLoggerListener log
信息: Command line argument: -Dcatalina.home=F:\Software\tomcat\apache-tomcat-7.0.57
一月 28, 2015 10:29:04 上午 org.apache.catalina.startup.VersionLoggerListener log
信息: Command line argument: -Djava.util.logging.manager=org.apache.juli.ClassLoaderLogManager
一月 28, 2015 10:29:04 上午 org.apache.catalina.startup.VersionLoggerListener log
信息: Command line argument: -Djava.io.tmpdir=F:\Software\tomcat\apache-tomcat-7.0.57\temp
一月 28, 2015 10:29:04 上午 org.apache.catalina.startup.VersionLoggerListener log
信息: Command line argument: -Djava.endorsed.dirs=F:\Software\tomcat\apache-tomcat-7.0.57\endorsed
一月 28, 2015 10:29:04 上午 org.apache.catalina.core.AprLifecycleListener lifecycleEvent
信息: Loaded APR based Apache Tomcat Native library 1.1.32 using APR version 1.5.1.
一月 28, 2015 10:29:04 上午 org.apache.catalina.core.AprLifecycleListener lifecycleEvent
信息: APR capabilities: IPv6 [true], sendfile [true], accept filters [false], random [true].
一月 28, 2015 10:29:04 上午 org.apache.catalina.startup.VersionLoggerListener log
信息: Command line argument: -Dcatalina.base=F:\Software\tomcat\apache-tomcat-7.0.57
一月 28, 2015 10:29:04 上午 org.apache.catalina.startup.VersionLoggerListener log
信息: Command line argument: -Dcatalina.home=F:\Software\tomcat\apache-tomcat-7.0.57
一月 28, 2015 10:29:04 上午 org.apache.catalina.startup.VersionLoggerListener log
信息: Command line argument: -Djava.io.tmpdir=F:\Software\tomcat\apache-tomcat-7.0.57\temp
一月 28, 2015 10:29:04 上午 org.apache.catalina.core.AprLifecycleListener lifecycleEvent
信息: Loaded APR based Apache Tomcat Native library 1.1.32 using APR version 1.5.1.
一月 28, 2015 10:29:04 上午 org.apache.catalina.core.AprLifecycleListener lifecycleEvent
信息: APR capabilities: IPv6 [true], sendfile [true], accept filters [false], random [true].
一月 28, 2015 10:29:05 上午 org.apache.catalina.core.AprLifecycleListener initializeSSL
信息: OpenSSL successfully initialized (OpenSSL 1.0.1j 15 Oct 2014)
一月 28, 2015 10:29:05 上午 org.apache.catalina.core.AprLifecycleListener initializeSSL
信息: OpenSSL successfully initialized (OpenSSL 1.0.1j 15 Oct 2014)
一月 28, 2015 10:29:05 上午 org.apache.coyote.AbstractProtocol init
信息: Initializing ProtocolHandler ["http-apr-8080"]
一月 28, 2015 10:29:05 上午 org.apache.coyote.AbstractProtocol init
信息: Initializing ProtocolHandler ["ajp-apr-8009"]
一月 28, 2015 10:29:05 上午 org.apache.catalina.startup.Catalina load
信息: Initialization processed in 2438 ms
一月 28, 2015 10:29:05 上午 org.apache.coyote.AbstractProtocol init
信息: Initializing ProtocolHandler ["http-apr-8080"]
一月 28, 2015 10:29:05 上午 org.apache.catalina.core.StandardService startInternal
信息: Starting service Catalina
一月 28, 2015 10:29:05 上午 org.apache.coyote.AbstractProtocol init
严重: Failed to initialize end point associated with ProtocolHandler ["http-apr-8080"]
java.lang.Exception: Socket bind failed: [730048] ?????????×???(Э?é/???????/???)????í??
	at org.apache.tomcat.util.net.AprEndpoint.bind(AprEndpoint.java:453)
	at org.apache.tomcat.util.net.AbstractEndpoint.init(AbstractEndpoint.java:646)
	at org.apache.coyote.AbstractProtocol.init(AbstractProtocol.java:434)
	at org.apache.catalina.connector.Connector.initInternal(Connector.java:978)
	at org.apache.catalina.util.LifecycleBase.init(LifecycleBase.java:102)
	at org.apache.catalina.core.StandardService.initInternal(StandardService.java:559)
	at org.apache.catalina.util.LifecycleBase.init(LifecycleBase.java:102)
	at org.apache.catalina.core.StandardServer.initInternal(StandardServer.java:821)
	at org.apache.catalina.util.LifecycleBase.init(LifecycleBase.java:102)
	at org.apache.catalina.startup.Catalina.load(Catalina.java:638)
	at org.apache.catalina.startup.Catalina.load(Catalina.java:663)
	at sun.reflect.NativeMethodAccessorImpl.invoke0(Native Method)
	at sun.reflect.NativeMethodAccessorImpl.invoke(NativeMethodAccessorImpl.java:57)
	at sun.reflect.DelegatingMethodAccessorImpl.invoke(DelegatingMethodAccessorImpl.java:43)
	at java.lang.reflect.Method.invoke(Method.java:606)
	at org.apache.catalina.startup.Bootstrap.load(Bootstrap.java:280)
	at org.apache.catalina.startup.Bootstrap.main(Bootstrap.java:454)

一月 28, 2015 10:29:05 上午 org.apache.catalina.core.StandardEngine startInternal
信息: Starting Servlet Engine: Apache Tomcat/7.0.57
一月 28, 2015 10:29:05 上午 org.apache.catalina.core.StandardService initInternal
严重: Failed to initialize connector [Connector[HTTP/1.1-8080]]
org.apache.catalina.LifecycleException: Failed to initialize component [Connector[HTTP/1.1-8080]]
	at org.apache.catalina.util.LifecycleBase.init(LifecycleBase.java:106)
	at org.apache.catalina.core.StandardService.initInternal(StandardService.java:559)
	at org.apache.catalina.util.LifecycleBase.init(LifecycleBase.java:102)
	at org.apache.catalina.core.StandardServer.initInternal(StandardServer.java:821)
	at org.apache.catalina.util.LifecycleBase.init(LifecycleBase.java:102)
	at org.apache.catalina.startup.Catalina.load(Catalina.java:638)
	at org.apache.catalina.startup.Catalina.load(Catalina.java:663)
	at sun.reflect.NativeMethodAccessorImpl.invoke0(Native Method)
	at sun.reflect.NativeMethodAccessorImpl.invoke(NativeMethodAccessorImpl.java:57)
	at sun.reflect.DelegatingMethodAccessorImpl.invoke(DelegatingMethodAccessorImpl.java:43)
	at java.lang.reflect.Method.invoke(Method.java:606)
	at org.apache.catalina.startup.Bootstrap.load(Bootstrap.java:280)
	at org.apache.catalina.startup.Bootstrap.main(Bootstrap.java:454)
Caused by: org.apache.catalina.LifecycleException: Protocol handler initialization failed
	at org.apache.catalina.connector.Connector.initInternal(Connector.java:980)
	at org.apache.catalina.util.LifecycleBase.init(LifecycleBase.java:102)
	... 12 more
Caused by: java.lang.Exception: Socket bind failed: [730048] ?????????×???(Э?é/???????/???)????í??
	at org.apache.tomcat.util.net.AprEndpoint.bind(AprEndpoint.java:453)
	at org.apache.tomcat.util.net.AbstractEndpoint.init(AbstractEndpoint.java:646)
	at org.apache.coyote.AbstractProtocol.init(AbstractProtocol.java:434)
	at org.apache.catalina.connector.Connector.initInternal(Connector.java:978)
	... 13 more

一月 28, 2015 10:29:05 上午 org.apache.coyote.AbstractProtocol init
信息: Initializing ProtocolHandler ["ajp-apr-8009"]
一月 28, 2015 10:29:05 上午 org.apache.coyote.AbstractProtocol init
严重: Failed to initialize end point associated with ProtocolHandler ["ajp-apr-8009"]
java.lang.Exception: Socket bind failed: [730048] ?????????×???(Э?é/???????/???)????í??
	at org.apache.tomcat.util.net.AprEndpoint.bind(AprEndpoint.java:453)
	at org.apache.tomcat.util.net.AbstractEndpoint.init(AbstractEndpoint.java:646)
	at org.apache.coyote.AbstractProtocol.init(AbstractProtocol.java:434)
	at org.apache.catalina.connector.Connector.initInternal(Connector.java:978)
	at org.apache.catalina.util.LifecycleBase.init(LifecycleBase.java:102)
	at org.apache.catalina.core.StandardService.initInternal(StandardService.java:559)
	at org.apache.catalina.util.LifecycleBase.init(LifecycleBase.java:102)
	at org.apache.catalina.core.StandardServer.initInternal(StandardServer.java:821)
	at org.apache.catalina.util.LifecycleBase.init(LifecycleBase.java:102)
	at org.apache.catalina.startup.Catalina.load(Catalina.java:638)
	at org.apache.catalina.startup.Catalina.load(Catalina.java:663)
	at sun.reflect.NativeMethodAccessorImpl.invoke0(Native Method)
	at sun.reflect.NativeMethodAccessorImpl.invoke(NativeMethodAccessorImpl.java:57)
	at sun.reflect.DelegatingMethodAccessorImpl.invoke(DelegatingMethodAccessorImpl.java:43)
	at java.lang.reflect.Method.invoke(Method.java:606)
	at org.apache.catalina.startup.Bootstrap.load(Bootstrap.java:280)
	at org.apache.catalina.startup.Bootstrap.main(Bootstrap.java:454)

一月 28, 2015 10:29:05 上午 org.apache.catalina.core.StandardService initInternal
严重: Failed to initialize connector [Connector[AJP/1.3-8009]]
org.apache.catalina.LifecycleException: Failed to initialize component [Connector[AJP/1.3-8009]]
	at org.apache.catalina.util.LifecycleBase.init(LifecycleBase.java:106)
	at org.apache.catalina.core.StandardService.initInternal(StandardService.java:559)
	at org.apache.catalina.util.LifecycleBase.init(LifecycleBase.java:102)
	at org.apache.catalina.core.StandardServer.initInternal(StandardServer.java:821)
	at org.apache.catalina.util.LifecycleBase.init(LifecycleBase.java:102)
	at org.apache.catalina.startup.Catalina.load(Catalina.java:638)
	at org.apache.catalina.startup.Catalina.load(Catalina.java:663)
	at sun.reflect.NativeMethodAccessorImpl.invoke0(Native Method)
	at sun.reflect.NativeMethodAccessorImpl.invoke(NativeMethodAccessorImpl.java:57)
	at sun.reflect.DelegatingMethodAccessorImpl.invoke(DelegatingMethodAccessorImpl.java:43)
	at java.lang.reflect.Method.invoke(Method.java:606)
	at org.apache.catalina.startup.Bootstrap.load(Bootstrap.java:280)
	at org.apache.catalina.startup.Bootstrap.main(Bootstrap.java:454)
Caused by: org.apache.catalina.LifecycleException: Protocol handler initialization failed
	at org.apache.catalina.connector.Connector.initInternal(Connector.java:980)
	at org.apache.catalina.util.LifecycleBase.init(LifecycleBase.java:102)
	... 12 more
Caused by: java.lang.Exception: Socket bind failed: [730048] ?????????×???(Э?é/???????/???)????í??
	at org.apache.tomcat.util.net.AprEndpoint.bind(AprEndpoint.java:453)
	at org.apache.tomcat.util.net.AbstractEndpoint.init(AbstractEndpoint.java:646)
	at org.apache.coyote.AbstractProtocol.init(AbstractProtocol.java:434)
	at org.apache.catalina.connector.Connector.initInternal(Connector.java:978)
	... 13 more

一月 28, 2015 10:29:05 上午 org.apache.catalina.startup.Catalina load
信息: Initialization processed in 2563 ms
一月 28, 2015 10:29:05 上午 org.apache.catalina.startup.HostConfig deployWAR
信息: Deploying web application archive F:\Software\tomcat\apache-tomcat-7.0.57\webapps\test1.war
一月 28, 2015 10:29:05 上午 org.apache.catalina.core.StandardService startInternal
信息: Starting service Catalina
一月 28, 2015 10:29:05 上午 org.apache.catalina.core.StandardEngine startInternal
信息: Starting Servlet Engine: Apache Tomcat/7.0.57
一月 28, 2015 10:29:05 上午 org.apache.catalina.startup.HostConfig deployWAR
信息: Deploying web application archive F:\Software\tomcat\apache-tomcat-7.0.57\webapps\test1.war
一月 28, 2015 10:29:07 上午 org.apache.catalina.startup.HostConfig deployWAR
信息: Deployment of web application archive F:\Software\tomcat\apache-tomcat-7.0.57\webapps\test1.war has finished in 1,384 ms
一月 28, 2015 10:29:07 上午 org.apache.catalina.startup.HostConfig deployDirectory
信息: Deploying web application directory F:\Software\tomcat\apache-tomcat-7.0.57\webapps\docs
一月 28, 2015 10:29:07 上午 org.apache.catalina.startup.HostConfig deployWAR
信息: Deployment of web application archive F:\Software\tomcat\apache-tomcat-7.0.57\webapps\test1.war has finished in 1,377 ms
一月 28, 2015 10:29:07 上午 org.apache.catalina.startup.HostConfig deployDirectory
信息: Deploying web application directory F:\Software\tomcat\apache-tomcat-7.0.57\webapps\docs
一月 28, 2015 10:29:07 上午 org.apache.catalina.startup.HostConfig deployDirectory
信息: Deployment of web application directory F:\Software\tomcat\apache-tomcat-7.0.57\webapps\docs has finished in 124 ms
一月 28, 2015 10:29:07 上午 org.apache.catalina.startup.HostConfig deployDirectory
信息: Deploying web application directory F:\Software\tomcat\apache-tomcat-7.0.57\webapps\examples
一月 28, 2015 10:29:07 上午 org.apache.catalina.startup.HostConfig deployDirectory
信息: Deployment of web application directory F:\Software\tomcat\apache-tomcat-7.0.57\webapps\docs has finished in 87 ms
一月 28, 2015 10:29:07 上午 org.apache.catalina.startup.HostConfig deployDirectory
信息: Deploying web application directory F:\Software\tomcat\apache-tomcat-7.0.57\webapps\examples
一月 28, 2015 10:29:07 上午 org.apache.catalina.startup.HostConfig deployDirectory
信息: Deployment of web application directory F:\Software\tomcat\apache-tomcat-7.0.57\webapps\examples has finished in 554 ms
一月 28, 2015 10:29:07 上午 org.apache.catalina.startup.HostConfig deployDirectory
信息: Deploying web application directory F:\Software\tomcat\apache-tomcat-7.0.57\webapps\host-manager
一月 28, 2015 10:29:07 上午 org.apache.catalina.startup.HostConfig deployDirectory
信息: Deployment of web application directory F:\Software\tomcat\apache-tomcat-7.0.57\webapps\examples has finished in 624 ms
一月 28, 2015 10:29:07 上午 org.apache.catalina.startup.HostConfig deployDirectory
信息: Deploying web application directory F:\Software\tomcat\apache-tomcat-7.0.57\webapps\host-manager
一月 28, 2015 10:29:07 上午 org.apache.catalina.startup.HostConfig deployDirectory
信息: Deployment of web application directory F:\Software\tomcat\apache-tomcat-7.0.57\webapps\host-manager has finished in 134 ms
一月 28, 2015 10:29:07 上午 org.apache.catalina.startup.HostConfig deployDirectory
信息: Deploying web application directory F:\Software\tomcat\apache-tomcat-7.0.57\webapps\manager
一月 28, 2015 10:29:08 上午 org.apache.catalina.startup.HostConfig deployDirectory
信息: Deployment of web application directory F:\Software\tomcat\apache-tomcat-7.0.57\webapps\host-manager has finished in 147 ms
一月 28, 2015 10:29:08 上午 org.apache.catalina.startup.HostConfig deployDirectory
信息: Deploying web application directory F:\Software\tomcat\apache-tomcat-7.0.57\webapps\manager
一月 28, 2015 10:29:08 上午 org.apache.catalina.startup.HostConfig deployDirectory
信息: Deployment of web application directory F:\Software\tomcat\apache-tomcat-7.0.57\webapps\manager has finished in 187 ms
一月 28, 2015 10:29:08 上午 org.apache.catalina.startup.HostConfig deployDirectory
信息: Deploying web application directory F:\Software\tomcat\apache-tomcat-7.0.57\webapps\ROOT
一月 28, 2015 10:29:08 上午 org.apache.catalina.startup.HostConfig deployDirectory
信息: Deployment of web application directory F:\Software\tomcat\apache-tomcat-7.0.57\webapps\manager has finished in 198 ms
一月 28, 2015 10:29:08 上午 org.apache.catalina.startup.HostConfig deployDirectory
信息: Deploying web application directory F:\Software\tomcat\apache-tomcat-7.0.57\webapps\ROOT
一月 28, 2015 10:29:08 上午 org.apache.catalina.startup.HostConfig deployDirectory
信息: Deployment of web application directory F:\Software\tomcat\apache-tomcat-7.0.57\webapps\ROOT has finished in 97 ms
一月 28, 2015 10:29:08 上午 org.apache.catalina.startup.Catalina start
信息: Server startup in 2592 ms
一月 28, 2015 10:29:08 上午 org.apache.catalina.startup.HostConfig deployDirectory
信息: Deployment of web application directory F:\Software\tomcat\apache-tomcat-7.0.57\webapps\ROOT has finished in 83 ms
一月 28, 2015 10:29:08 上午 org.apache.coyote.AbstractProtocol start
信息: Starting ProtocolHandler ["http-apr-8080"]
一月 28, 2015 10:29:08 上午 org.apache.coyote.AbstractProtocol start
信息: Starting ProtocolHandler ["ajp-apr-8009"]
一月 28, 2015 10:29:08 上午 org.apache.catalina.startup.Catalina start
信息: Server startup in 2750 ms
一月 28, 2015 10:29:08 上午 org.apache.catalina.core.StandardServer await
严重: StandardServer.await: create[localhost:8005]: 
java.net.BindException: Address already in use: JVM_Bind
	at java.net.DualStackPlainSocketImpl.bind0(Native Method)
	at java.net.DualStackPlainSocketImpl.socketBind(DualStackPlainSocketImpl.java:106)
	at java.net.AbstractPlainSocketImpl.bind(AbstractPlainSocketImpl.java:376)
	at java.net.PlainSocketImpl.bind(PlainSocketImpl.java:190)
	at java.net.ServerSocket.bind(ServerSocket.java:376)
	at java.net.ServerSocket.<init>(ServerSocket.java:237)
	at org.apache.catalina.core.StandardServer.await(StandardServer.java:427)
	at org.apache.catalina.startup.Catalina.await(Catalina.java:777)
	at org.apache.catalina.startup.Catalina.start(Catalina.java:723)
	at sun.reflect.NativeMethodAccessorImpl.invoke0(Native Method)
	at sun.reflect.NativeMethodAccessorImpl.invoke(NativeMethodAccessorImpl.java:57)
	at sun.reflect.DelegatingMethodAccessorImpl.invoke(DelegatingMethodAccessorImpl.java:43)
	at java.lang.reflect.Method.invoke(Method.java:606)
	at org.apache.catalina.startup.Bootstrap.start(Bootstrap.java:321)
	at org.apache.catalina.startup.Bootstrap.main(Bootstrap.java:455)

一月 28, 2015 10:29:08 上午 org.apache.coyote.AbstractProtocol pause
信息: Pausing ProtocolHandler ["http-apr-8080"]
一月 28, 2015 10:29:08 上午 org.apache.coyote.AbstractProtocol pause
信息: Pausing ProtocolHandler ["ajp-apr-8009"]
一月 28, 2015 10:29:08 上午 org.apache.catalina.core.StandardService stopInternal
信息: Stopping service Catalina
一月 28, 2015 10:29:08 上午 org.apache.coyote.AbstractProtocol stop
信息: Stopping ProtocolHandler ["http-apr-8080"]
一月 28, 2015 10:29:08 上午 org.apache.coyote.AbstractProtocol stop
信息: Stopping ProtocolHandler ["ajp-apr-8009"]
一月 28, 2015 10:29:08 上午 org.apache.coyote.AbstractProtocol destroy
信息: Destroying ProtocolHandler ["http-apr-8080"]
一月 28, 2015 10:29:08 上午 org.apache.coyote.AbstractProtocol destroy
信息: Destroying ProtocolHandler ["ajp-apr-8009"]
一月 28, 2015 10:29:44 上午 org.apache.coyote.AbstractProtocol pause
信息: Pausing ProtocolHandler ["http-apr-8080"]
一月 28, 2015 10:29:44 上午 org.apache.coyote.AbstractProtocol pause
信息: Pausing ProtocolHandler ["ajp-apr-8009"]
一月 28, 2015 10:30:01 上午 org.apache.catalina.startup.Catalina stopServer
严重: Could not contact localhost:8005. Tomcat may not be running.
一月 28, 2015 10:30:01 上午 org.apache.catalina.startup.Catalina stopServer
严重: Catalina.stop: 
java.net.ConnectException: Connection refused: connect
	at java.net.DualStackPlainSocketImpl.connect0(Native Method)
	at java.net.DualStackPlainSocketImpl.socketConnect(DualStackPlainSocketImpl.java:79)
	at java.net.AbstractPlainSocketImpl.doConnect(AbstractPlainSocketImpl.java:339)
	at java.net.AbstractPlainSocketImpl.connectToAddress(AbstractPlainSocketImpl.java:200)
	at java.net.AbstractPlainSocketImpl.connect(AbstractPlainSocketImpl.java:182)
	at java.net.PlainSocketImpl.connect(PlainSocketImpl.java:172)
	at java.net.SocksSocketImpl.connect(SocksSocketImpl.java:392)
	at java.net.Socket.connect(Socket.java:579)
	at java.net.Socket.connect(Socket.java:528)
	at java.net.Socket.<init>(Socket.java:425)
	at java.net.Socket.<init>(Socket.java:208)
	at org.apache.catalina.startup.Catalina.stopServer(Catalina.java:498)
	at sun.reflect.NativeMethodAccessorImpl.invoke0(Native Method)
	at sun.reflect.NativeMethodAccessorImpl.invoke(NativeMethodAccessorImpl.java:57)
	at sun.reflect.DelegatingMethodAccessorImpl.invoke(DelegatingMethodAccessorImpl.java:43)
	at java.lang.reflect.Method.invoke(Method.java:606)
	at org.apache.catalina.startup.Bootstrap.stopServer(Bootstrap.java:370)
	at org.apache.catalina.startup.Bootstrap.main(Bootstrap.java:457)

一月 28, 2015 10:30:06 上午 org.apache.catalina.startup.VersionLoggerListener log
信息: Server version:        Apache Tomcat/7.0.57
一月 28, 2015 10:30:06 上午 org.apache.catalina.startup.VersionLoggerListener log
信息: Server built:          Nov 3 2014 08:39:16 UTC
一月 28, 2015 10:30:06 上午 org.apache.catalina.startup.VersionLoggerListener log
信息: Server number:         7.0.57.0
一月 28, 2015 10:30:06 上午 org.apache.catalina.startup.VersionLoggerListener log
信息: OS Name:               Windows 7
一月 28, 2015 10:30:06 上午 org.apache.catalina.startup.VersionLoggerListener log
信息: OS Version:            6.1
一月 28, 2015 10:30:06 上午 org.apache.catalina.startup.VersionLoggerListener log
信息: Architecture:          amd64
一月 28, 2015 10:30:06 上午 org.apache.catalina.startup.VersionLoggerListener log
信息: JAVA_HOME:             C:\Program Files\Java\jdk1.7.0_40\jre
一月 28, 2015 10:30:06 上午 org.apache.catalina.startup.VersionLoggerListener log
信息: JVM Version:           1.7.0_40-b43
一月 28, 2015 10:30:06 上午 org.apache.catalina.startup.VersionLoggerListener log
信息: JVM Vendor:            Oracle Corporation
一月 28, 2015 10:30:06 上午 org.apache.catalina.startup.VersionLoggerListener log
信息: CATALINA_BASE:         F:\Software\tomcat\apache-tomcat-7.0.57
一月 28, 2015 10:30:06 上午 org.apache.catalina.startup.VersionLoggerListener log
信息: CATALINA_HOME:         F:\Software\tomcat\apache-tomcat-7.0.57
一月 28, 2015 10:30:06 上午 org.apache.catalina.startup.VersionLoggerListener log
信息: Command line argument: -Djava.util.logging.config.file=F:\Software\tomcat\apache-tomcat-7.0.57\conf\logging.properties
一月 28, 2015 10:30:06 上午 org.apache.catalina.startup.VersionLoggerListener log
信息: Command line argument: -Djava.util.logging.manager=org.apache.juli.ClassLoaderLogManager
一月 28, 2015 10:30:06 上午 org.apache.catalina.startup.VersionLoggerListener log
信息: Command line argument: -Djava.endorsed.dirs=F:\Software\tomcat\apache-tomcat-7.0.57\endorsed
一月 28, 2015 10:30:06 上午 org.apache.catalina.startup.VersionLoggerListener log
信息: Command line argument: -Dcatalina.base=F:\Software\tomcat\apache-tomcat-7.0.57
一月 28, 2015 10:30:06 上午 org.apache.catalina.startup.VersionLoggerListener log
信息: Command line argument: -Dcatalina.home=F:\Software\tomcat\apache-tomcat-7.0.57
一月 28, 2015 10:30:06 上午 org.apache.catalina.startup.VersionLoggerListener log
信息: Command line argument: -Djava.io.tmpdir=F:\Software\tomcat\apache-tomcat-7.0.57\temp
一月 28, 2015 10:30:06 上午 org.apache.catalina.core.AprLifecycleListener lifecycleEvent
信息: Loaded APR based Apache Tomcat Native library 1.1.32 using APR version 1.5.1.
一月 28, 2015 10:30:06 上午 org.apache.catalina.core.AprLifecycleListener lifecycleEvent
信息: APR capabilities: IPv6 [true], sendfile [true], accept filters [false], random [true].
一月 28, 2015 10:30:06 上午 org.apache.catalina.core.AprLifecycleListener initializeSSL
信息: OpenSSL successfully initialized (OpenSSL 1.0.1j 15 Oct 2014)
一月 28, 2015 10:30:07 上午 org.apache.coyote.AbstractProtocol init
信息: Initializing ProtocolHandler ["http-apr-8080"]
一月 28, 2015 10:30:07 上午 org.apache.coyote.AbstractProtocol init
信息: Initializing ProtocolHandler ["ajp-apr-8009"]
一月 28, 2015 10:30:07 上午 org.apache.catalina.startup.Catalina load
信息: Initialization processed in 1480 ms
一月 28, 2015 10:30:07 上午 org.apache.catalina.core.StandardService startInternal
信息: Starting service Catalina
一月 28, 2015 10:30:07 上午 org.apache.catalina.core.StandardEngine startInternal
信息: Starting Servlet Engine: Apache Tomcat/7.0.57
一月 28, 2015 10:30:07 上午 org.apache.catalina.startup.HostConfig deployWAR
信息: Deploying web application archive F:\Software\tomcat\apache-tomcat-7.0.57\webapps\test1.war
一月 28, 2015 10:30:08 上午 org.apache.catalina.startup.HostConfig deployWAR
信息: Deployment of web application archive F:\Software\tomcat\apache-tomcat-7.0.57\webapps\test1.war has finished in 806 ms
一月 28, 2015 10:30:08 上午 org.apache.catalina.startup.HostConfig deployDirectory
信息: Deploying web application directory F:\Software\tomcat\apache-tomcat-7.0.57\webapps\docs
一月 28, 2015 10:30:08 上午 org.apache.catalina.startup.HostConfig deployDirectory
信息: Deployment of web application directory F:\Software\tomcat\apache-tomcat-7.0.57\webapps\docs has finished in 80 ms
一月 28, 2015 10:30:08 上午 org.apache.catalina.startup.HostConfig deployDirectory
信息: Deploying web application directory F:\Software\tomcat\apache-tomcat-7.0.57\webapps\examples
一月 28, 2015 10:30:08 上午 org.apache.catalina.startup.HostConfig deployDirectory
信息: Deployment of web application directory F:\Software\tomcat\apache-tomcat-7.0.57\webapps\examples has finished in 333 ms
一月 28, 2015 10:30:08 上午 org.apache.catalina.startup.HostConfig deployDirectory
信息: Deploying web application directory F:\Software\tomcat\apache-tomcat-7.0.57\webapps\host-manager
一月 28, 2015 10:30:08 上午 org.apache.catalina.startup.HostConfig deployDirectory
信息: Deployment of web application directory F:\Software\tomcat\apache-tomcat-7.0.57\webapps\host-manager has finished in 80 ms
一月 28, 2015 10:30:08 上午 org.apache.catalina.startup.HostConfig deployDirectory
信息: Deploying web application directory F:\Software\tomcat\apache-tomcat-7.0.57\webapps\manager
一月 28, 2015 10:30:08 上午 org.apache.catalina.startup.HostConfig deployDirectory
信息: Deployment of web application directory F:\Software\tomcat\apache-tomcat-7.0.57\webapps\manager has finished in 72 ms
一月 28, 2015 10:30:08 上午 org.apache.catalina.startup.HostConfig deployDirectory
信息: Deploying web application directory F:\Software\tomcat\apache-tomcat-7.0.57\webapps\ROOT
一月 28, 2015 10:30:08 上午 org.apache.catalina.startup.HostConfig deployDirectory
信息: Deployment of web application directory F:\Software\tomcat\apache-tomcat-7.0.57\webapps\ROOT has finished in 74 ms
一月 28, 2015 10:30:08 上午 org.apache.coyote.AbstractProtocol start
信息: Starting ProtocolHandler ["http-apr-8080"]
一月 28, 2015 10:30:08 上午 org.apache.coyote.AbstractProtocol start
信息: Starting ProtocolHandler ["ajp-apr-8009"]
一月 28, 2015 10:30:08 上午 org.apache.catalina.startup.Catalina start
信息: Server startup in 1543 ms
一月 28, 2015 10:35:01 上午 org.apache.catalina.core.StandardServer await
信息: A valid shutdown command was received via the shutdown port. Stopping the Server instance.
一月 28, 2015 10:35:01 上午 org.apache.coyote.AbstractProtocol pause
信息: Pausing ProtocolHandler ["http-apr-8080"]
一月 28, 2015 10:35:01 上午 org.apache.coyote.AbstractProtocol pause
信息: Pausing ProtocolHandler ["ajp-apr-8009"]
一月 28, 2015 10:35:01 上午 org.apache.catalina.core.StandardService stopInternal
信息: Stopping service Catalina
一月 28, 2015 10:35:01 上午 org.apache.coyote.AbstractProtocol stop
信息: Stopping ProtocolHandler ["http-apr-8080"]
一月 28, 2015 10:35:01 上午 org.apache.coyote.AbstractProtocol stop
信息: Stopping ProtocolHandler ["ajp-apr-8009"]
一月 28, 2015 10:35:01 上午 org.apache.coyote.AbstractProtocol destroy
信息: Destroying ProtocolHandler ["http-apr-8080"]
一月 28, 2015 10:35:01 上午 org.apache.coyote.AbstractProtocol destroy
信息: Destroying ProtocolHandler ["ajp-apr-8009"]
