一月 28, 2015 10:29:07 上午 org.apache.catalina.core.ApplicationContext log
信息: ContextListener: contextInitialized()
一月 28, 2015 10:29:07 上午 org.apache.catalina.core.ApplicationContext log
信息: SessionListener: contextInitialized()
一月 28, 2015 10:29:07 上午 org.apache.catalina.core.ApplicationContext log
信息: ContextListener: contextInitialized()
一月 28, 2015 10:29:07 上午 org.apache.catalina.core.ApplicationContext log
信息: SessionListener: contextInitialized()
一月 28, 2015 10:29:07 上午 org.apache.catalina.core.ApplicationContext log
信息: ContextListener: attributeAdded('org.apache.jasper.compiler.TldLocationsCache', 'org.apache.jasper.compiler.TldLocationsCache@69ac536b')
一月 28, 2015 10:29:07 上午 org.apache.catalina.core.ApplicationContext log
信息: ContextListener: attributeAdded('org.apache.jasper.compiler.TldLocationsCache', 'org.apache.jasper.compiler.TldLocationsCache@3e98d6e6')
一月 28, 2015 10:29:08 上午 org.apache.catalina.core.ApplicationContext log
信息: SessionListener: contextDestroyed()
一月 28, 2015 10:29:08 上午 org.apache.catalina.core.ApplicationContext log
信息: ContextListener: contextDestroyed()
一月 28, 2015 10:30:08 上午 org.apache.catalina.core.ApplicationContext log
信息: ContextListener: contextInitialized()
一月 28, 2015 10:30:08 上午 org.apache.catalina.core.ApplicationContext log
信息: SessionListener: contextInitialized()
一月 28, 2015 10:30:08 上午 org.apache.catalina.core.ApplicationContext log
信息: ContextListener: attributeAdded('org.apache.jasper.compiler.TldLocationsCache', 'org.apache.jasper.compiler.TldLocationsCache@1f08d2be')
一月 28, 2015 10:35:01 上午 org.apache.catalina.core.ApplicationContext log
信息: SessionListener: contextDestroyed()
一月 28, 2015 10:35:01 上午 org.apache.catalina.core.ApplicationContext log
信息: ContextListener: contextDestroyed()
